
*** Running vivado
    with args -log cwlite_shallow_fifo.vds -m64 -product Vivado -mode batch -messageDb vivado.pb -notrace -source cwlite_shallow_fifo.tcl


****** Vivado v2019.2 (64-bit)
  **** SW Build 2708876 on Wed Nov  6 21:40:23 MST 2019
  **** IP Build 2700528 on Thu Nov  7 00:09:20 MST 2019
    ** Copyright 1986-2019 Xilinx, Inc. All Rights Reserved.

source cwlite_shallow_fifo.tcl -notrace
INFO: [IP_Flow 19-234] Refreshing IP repositories
WARNING: [IP_Flow 19-2248] Failed to load user IP repository 'v:/vivado/Arm_ipi_repository'; Can't find the specified path.
If this directory should no longer be in your list of user repositories, go to the IP Settings dialog and remove it.
INFO: [IP_Flow 19-2313] Loaded Vivado IP repository 'C:/Xilinx/Vivado/2019.2/data/ip'.
Command: synth_design -top cwlite_shallow_fifo -part xc7a35tftg256-2 -mode out_of_context
Starting synth_design
Attempting to get a license for feature 'Synthesis' and/or device 'xc7a35t'
INFO: [Common 17-349] Got license for feature 'Synthesis' and/or device 'xc7a35t'
INFO: [Device 21-403] Loading part xc7a35tftg256-2
INFO: Launching helper process for spawning children vivado processes
INFO: Helper process launched with PID 15732 
---------------------------------------------------------------------------------
Starting RTL Elaboration : Time (s): cpu = 00:00:08 ; elapsed = 00:00:09 . Memory (MB): peak = 962.133 ; gain = 235.160
---------------------------------------------------------------------------------
INFO: [Synth 8-638] synthesizing module 'cwlite_shallow_fifo' [c:/Users/jp/GitHub/OpenTitan/husky/fpga/vivado/cwhusky.srcs/sources_1/ip/cwlite_shallow_fifo/synth/cwlite_shallow_fifo.vhd:77]
	Parameter C_COMMON_CLOCK bound to: 0 - type: integer 
	Parameter C_SELECT_XPM bound to: 0 - type: integer 
	Parameter C_COUNT_TYPE bound to: 0 - type: integer 
	Parameter C_DATA_COUNT_WIDTH bound to: 10 - type: integer 
	Parameter C_DEFAULT_VALUE bound to: BlankString - type: string 
	Parameter C_DIN_WIDTH bound to: 32 - type: integer 
	Parameter C_DOUT_RST_VAL bound to: 0 - type: string 
	Parameter C_DOUT_WIDTH bound to: 128 - type: integer 
	Parameter C_ENABLE_RLOCS bound to: 0 - type: integer 
	Parameter C_FAMILY bound to: artix7 - type: string 
	Parameter C_FULL_FLAGS_RST_VAL bound to: 1 - type: integer 
	Parameter C_HAS_ALMOST_EMPTY bound to: 0 - type: integer 
	Parameter C_HAS_ALMOST_FULL bound to: 0 - type: integer 
	Parameter C_HAS_BACKUP bound to: 0 - type: integer 
	Parameter C_HAS_DATA_COUNT bound to: 0 - type: integer 
	Parameter C_HAS_INT_CLK bound to: 0 - type: integer 
	Parameter C_HAS_MEMINIT_FILE bound to: 0 - type: integer 
	Parameter C_HAS_OVERFLOW bound to: 1 - type: integer 
	Parameter C_HAS_RD_DATA_COUNT bound to: 1 - type: integer 
	Parameter C_HAS_RD_RST bound to: 0 - type: integer 
	Parameter C_HAS_RST bound to: 1 - type: integer 
	Parameter C_HAS_SRST bound to: 0 - type: integer 
	Parameter C_HAS_UNDERFLOW bound to: 0 - type: integer 
	Parameter C_HAS_VALID bound to: 0 - type: integer 
	Parameter C_HAS_WR_ACK bound to: 0 - type: integer 
	Parameter C_HAS_WR_DATA_COUNT bound to: 0 - type: integer 
	Parameter C_HAS_WR_RST bound to: 0 - type: integer 
	Parameter C_IMPLEMENTATION_TYPE bound to: 2 - type: integer 
	Parameter C_INIT_WR_PNTR_VAL bound to: 0 - type: integer 
	Parameter C_MEMORY_TYPE bound to: 1 - type: integer 
	Parameter C_MIF_FILE_NAME bound to: BlankString - type: string 
	Parameter C_OPTIMIZATION_MODE bound to: 0 - type: integer 
	Parameter C_OVERFLOW_LOW bound to: 0 - type: integer 
	Parameter C_PRELOAD_LATENCY bound to: 0 - type: integer 
	Parameter C_PRELOAD_REGS bound to: 1 - type: integer 
	Parameter C_PRIM_FIFO_TYPE bound to: 1kx36 - type: string 
	Parameter C_PROG_EMPTY_THRESH_ASSERT_VAL bound to: 4 - type: integer 
	Parameter C_PROG_EMPTY_THRESH_NEGATE_VAL bound to: 5 - type: integer 
	Parameter C_PROG_EMPTY_TYPE bound to: 0 - type: integer 
	Parameter C_PROG_FULL_THRESH_ASSERT_VAL bound to: 1023 - type: integer 
	Parameter C_PROG_FULL_THRESH_NEGATE_VAL bound to: 1022 - type: integer 
	Parameter C_PROG_FULL_TYPE bound to: 0 - type: integer 
	Parameter C_RD_DATA_COUNT_WIDTH bound to: 9 - type: integer 
	Parameter C_RD_DEPTH bound to: 256 - type: integer 
	Parameter C_RD_FREQ bound to: 1 - type: integer 
	Parameter C_RD_PNTR_WIDTH bound to: 8 - type: integer 
	Parameter C_UNDERFLOW_LOW bound to: 0 - type: integer 
	Parameter C_USE_DOUT_RST bound to: 1 - type: integer 
	Parameter C_USE_ECC bound to: 0 - type: integer 
	Parameter C_USE_EMBEDDED_REG bound to: 0 - type: integer 
	Parameter C_USE_PIPELINE_REG bound to: 0 - type: integer 
	Parameter C_POWER_SAVING_MODE bound to: 0 - type: integer 
	Parameter C_USE_FIFO16_FLAGS bound to: 0 - type: integer 
	Parameter C_USE_FWFT_DATA_COUNT bound to: 1 - type: integer 
	Parameter C_VALID_LOW bound to: 0 - type: integer 
	Parameter C_WR_ACK_LOW bound to: 0 - type: integer 
	Parameter C_WR_DATA_COUNT_WIDTH bound to: 11 - type: integer 
	Parameter C_WR_DEPTH bound to: 1024 - type: integer 
	Parameter C_WR_FREQ bound to: 1 - type: integer 
	Parameter C_WR_PNTR_WIDTH bound to: 10 - type: integer 
	Parameter C_WR_RESPONSE_LATENCY bound to: 1 - type: integer 
	Parameter C_MSGON_VAL bound to: 1 - type: integer 
	Parameter C_ENABLE_RST_SYNC bound to: 1 - type: integer 
	Parameter C_EN_SAFETY_CKT bound to: 1 - type: integer 
	Parameter C_ERROR_INJECTION_TYPE bound to: 0 - type: integer 
	Parameter C_SYNCHRONIZER_STAGE bound to: 2 - type: integer 
	Parameter C_INTERFACE_TYPE bound to: 0 - type: integer 
	Parameter C_AXI_TYPE bound to: 1 - type: integer 
	Parameter C_HAS_AXI_WR_CHANNEL bound to: 1 - type: integer 
	Parameter C_HAS_AXI_RD_CHANNEL bound to: 1 - type: integer 
	Parameter C_HAS_SLAVE_CE bound to: 0 - type: integer 
	Parameter C_HAS_MASTER_CE bound to: 0 - type: integer 
	Parameter C_ADD_NGC_CONSTRAINT bound to: 0 - type: integer 
	Parameter C_USE_COMMON_OVERFLOW bound to: 0 - type: integer 
	Parameter C_USE_COMMON_UNDERFLOW bound to: 0 - type: integer 
	Parameter C_USE_DEFAULT_SETTINGS bound to: 0 - type: integer 
	Parameter C_AXI_ID_WIDTH bound to: 1 - type: integer 
	Parameter C_AXI_ADDR_WIDTH bound to: 32 - type: integer 
	Parameter C_AXI_DATA_WIDTH bound to: 64 - type: integer 
	Parameter C_AXI_LEN_WIDTH bound to: 8 - type: integer 
	Parameter C_AXI_LOCK_WIDTH bound to: 1 - type: integer 
	Parameter C_HAS_AXI_ID bound to: 0 - type: integer 
	Parameter C_HAS_AXI_AWUSER bound to: 0 - type: integer 
	Parameter C_HAS_AXI_WUSER bound to: 0 - type: integer 
	Parameter C_HAS_AXI_BUSER bound to: 0 - type: integer 
	Parameter C_HAS_AXI_ARUSER bound to: 0 - type: integer 
	Parameter C_HAS_AXI_RUSER bound to: 0 - type: integer 
	Parameter C_AXI_ARUSER_WIDTH bound to: 1 - type: integer 
	Parameter C_AXI_AWUSER_WIDTH bound to: 1 - type: integer 
	Parameter C_AXI_WUSER_WIDTH bound to: 1 - type: integer 
	Parameter C_AXI_BUSER_WIDTH bound to: 1 - type: integer 
	Parameter C_AXI_RUSER_WIDTH bound to: 1 - type: integer 
	Parameter C_HAS_AXIS_TDATA bound to: 1 - type: integer 
	Parameter C_HAS_AXIS_TID bound to: 0 - type: integer 
	Parameter C_HAS_AXIS_TDEST bound to: 0 - type: integer 
	Parameter C_HAS_AXIS_TUSER bound to: 1 - type: integer 
	Parameter C_HAS_AXIS_TREADY bound to: 1 - type: integer 
	Parameter C_HAS_AXIS_TLAST bound to: 0 - type: integer 
	Parameter C_HAS_AXIS_TSTRB bound to: 0 - type: integer 
	Parameter C_HAS_AXIS_TKEEP bound to: 0 - type: integer 
	Parameter C_AXIS_TDATA_WIDTH bound to: 8 - type: integer 
	Parameter C_AXIS_TID_WIDTH bound to: 1 - type: integer 
	Parameter C_AXIS_TDEST_WIDTH bound to: 1 - type: integer 
	Parameter C_AXIS_TUSER_WIDTH bound to: 4 - type: integer 
	Parameter C_AXIS_TSTRB_WIDTH bound to: 1 - type: integer 
	Parameter C_AXIS_TKEEP_WIDTH bound to: 1 - type: integer 
	Parameter C_WACH_TYPE bound to: 0 - type: integer 
	Parameter C_WDCH_TYPE bound to: 0 - type: integer 
	Parameter C_WRCH_TYPE bound to: 0 - type: integer 
	Parameter C_RACH_TYPE bound to: 0 - type: integer 
	Parameter C_RDCH_TYPE bound to: 0 - type: integer 
	Parameter C_AXIS_TYPE bound to: 0 - type: integer 
	Parameter C_IMPLEMENTATION_TYPE_WACH bound to: 1 - type: integer 
	Parameter C_IMPLEMENTATION_TYPE_WDCH bound to: 1 - type: integer 
	Parameter C_IMPLEMENTATION_TYPE_WRCH bound to: 1 - type: integer 
	Parameter C_IMPLEMENTATION_TYPE_RACH bound to: 1 - type: integer 
	Parameter C_IMPLEMENTATION_TYPE_RDCH bound to: 1 - type: integer 
	Parameter C_IMPLEMENTATION_TYPE_AXIS bound to: 1 - type: integer 
	Parameter C_APPLICATION_TYPE_WACH bound to: 0 - type: integer 
	Parameter C_APPLICATION_TYPE_WDCH bound to: 0 - type: integer 
	Parameter C_APPLICATION_TYPE_WRCH bound to: 0 - type: integer 
	Parameter C_APPLICATION_TYPE_RACH bound to: 0 - type: integer 
	Parameter C_APPLICATION_TYPE_RDCH bound to: 0 - type: integer 
	Parameter C_APPLICATION_TYPE_AXIS bound to: 0 - type: integer 
	Parameter C_PRIM_FIFO_TYPE_WACH bound to: 512x36 - type: string 
	Parameter C_PRIM_FIFO_TYPE_WDCH bound to: 1kx36 - type: string 
	Parameter C_PRIM_FIFO_TYPE_WRCH bound to: 512x36 - type: string 
	Parameter C_PRIM_FIFO_TYPE_RACH bound to: 512x36 - type: string 
	Parameter C_PRIM_FIFO_TYPE_RDCH bound to: 1kx36 - type: string 
	Parameter C_PRIM_FIFO_TYPE_AXIS bound to: 1kx18 - type: string 
	Parameter C_USE_ECC_WACH bound to: 0 - type: integer 
	Parameter C_USE_ECC_WDCH bound to: 0 - type: integer 
	Parameter C_USE_ECC_WRCH bound to: 0 - type: integer 
	Parameter C_USE_ECC_RACH bound to: 0 - type: integer 
	Parameter C_USE_ECC_RDCH bound to: 0 - type: integer 
	Parameter C_USE_ECC_AXIS bound to: 0 - type: integer 
	Parameter C_ERROR_INJECTION_TYPE_WACH bound to: 0 - type: integer 
	Parameter C_ERROR_INJECTION_TYPE_WDCH bound to: 0 - type: integer 
	Parameter C_ERROR_INJECTION_TYPE_WRCH bound to: 0 - type: integer 
	Parameter C_ERROR_INJECTION_TYPE_RACH bound to: 0 - type: integer 
	Parameter C_ERROR_INJECTION_TYPE_RDCH bound to: 0 - type: integer 
	Parameter C_ERROR_INJECTION_TYPE_AXIS bound to: 0 - type: integer 
	Parameter C_DIN_WIDTH_WACH bound to: 1 - type: integer 
	Parameter C_DIN_WIDTH_WDCH bound to: 64 - type: integer 
	Parameter C_DIN_WIDTH_WRCH bound to: 2 - type: integer 
	Parameter C_DIN_WIDTH_RACH bound to: 32 - type: integer 
	Parameter C_DIN_WIDTH_RDCH bound to: 64 - type: integer 
	Parameter C_DIN_WIDTH_AXIS bound to: 1 - type: integer 
	Parameter C_WR_DEPTH_WACH bound to: 16 - type: integer 
	Parameter C_WR_DEPTH_WDCH bound to: 1024 - type: integer 
	Parameter C_WR_DEPTH_WRCH bound to: 16 - type: integer 
	Parameter C_WR_DEPTH_RACH bound to: 16 - type: integer 
	Parameter C_WR_DEPTH_RDCH bound to: 1024 - type: integer 
	Parameter C_WR_DEPTH_AXIS bound to: 1024 - type: integer 
	Parameter C_WR_PNTR_WIDTH_WACH bound to: 4 - type: integer 
	Parameter C_WR_PNTR_WIDTH_WDCH bound to: 10 - type: integer 
	Parameter C_WR_PNTR_WIDTH_WRCH bound to: 4 - type: integer 
	Parameter C_WR_PNTR_WIDTH_RACH bound to: 4 - type: integer 
	Parameter C_WR_PNTR_WIDTH_RDCH bound to: 10 - type: integer 
	Parameter C_WR_PNTR_WIDTH_AXIS bound to: 10 - type: integer 
	Parameter C_HAS_DATA_COUNTS_WACH bound to: 0 - type: integer 
	Parameter C_HAS_DATA_COUNTS_WDCH bound to: 0 - type: integer 
	Parameter C_HAS_DATA_COUNTS_WRCH bound to: 0 - type: integer 
	Parameter C_HAS_DATA_COUNTS_RACH bound to: 0 - type: integer 
	Parameter C_HAS_DATA_COUNTS_RDCH bound to: 0 - type: integer 
	Parameter C_HAS_DATA_COUNTS_AXIS bound to: 0 - type: integer 
	Parameter C_HAS_PROG_FLAGS_WACH bound to: 0 - type: integer 
	Parameter C_HAS_PROG_FLAGS_WDCH bound to: 0 - type: integer 
	Parameter C_HAS_PROG_FLAGS_WRCH bound to: 0 - type: integer 
	Parameter C_HAS_PROG_FLAGS_RACH bound to: 0 - type: integer 
	Parameter C_HAS_PROG_FLAGS_RDCH bound to: 0 - type: integer 
	Parameter C_HAS_PROG_FLAGS_AXIS bound to: 0 - type: integer 
	Parameter C_PROG_FULL_TYPE_WACH bound to: 0 - type: integer 
	Parameter C_PROG_FULL_TYPE_WDCH bound to: 0 - type: integer 
	Parameter C_PROG_FULL_TYPE_WRCH bound to: 0 - type: integer 
	Parameter C_PROG_FULL_TYPE_RACH bound to: 0 - type: integer 
	Parameter C_PROG_FULL_TYPE_RDCH bound to: 0 - type: integer 
	Parameter C_PROG_FULL_TYPE_AXIS bound to: 0 - type: integer 
	Parameter C_PROG_FULL_THRESH_ASSERT_VAL_WACH bound to: 1023 - type: integer 
	Parameter C_PROG_FULL_THRESH_ASSERT_VAL_WDCH bound to: 1023 - type: integer 
	Parameter C_PROG_FULL_THRESH_ASSERT_VAL_WRCH bound to: 1023 - type: integer 
	Parameter C_PROG_FULL_THRESH_ASSERT_VAL_RACH bound to: 1023 - type: integer 
	Parameter C_PROG_FULL_THRESH_ASSERT_VAL_RDCH bound to: 1023 - type: integer 
	Parameter C_PROG_FULL_THRESH_ASSERT_VAL_AXIS bound to: 1023 - type: integer 
	Parameter C_PROG_EMPTY_TYPE_WACH bound to: 0 - type: integer 
	Parameter C_PROG_EMPTY_TYPE_WDCH bound to: 0 - type: integer 
	Parameter C_PROG_EMPTY_TYPE_WRCH bound to: 0 - type: integer 
	Parameter C_PROG_EMPTY_TYPE_RACH bound to: 0 - type: integer 
	Parameter C_PROG_EMPTY_TYPE_RDCH bound to: 0 - type: integer 
	Parameter C_PROG_EMPTY_TYPE_AXIS bound to: 0 - type: integer 
	Parameter C_PROG_EMPTY_THRESH_ASSERT_VAL_WACH bound to: 1022 - type: integer 
	Parameter C_PROG_EMPTY_THRESH_ASSERT_VAL_WDCH bound to: 1022 - type: integer 
	Parameter C_PROG_EMPTY_THRESH_ASSERT_VAL_WRCH bound to: 1022 - type: integer 
	Parameter C_PROG_EMPTY_THRESH_ASSERT_VAL_RACH bound to: 1022 - type: integer 
	Parameter C_PROG_EMPTY_THRESH_ASSERT_VAL_RDCH bound to: 1022 - type: integer 
	Parameter C_PROG_EMPTY_THRESH_ASSERT_VAL_AXIS bound to: 1022 - type: integer 
	Parameter C_REG_SLICE_MODE_WACH bound to: 0 - type: integer 
	Parameter C_REG_SLICE_MODE_WDCH bound to: 0 - type: integer 
	Parameter C_REG_SLICE_MODE_WRCH bound to: 0 - type: integer 
	Parameter C_REG_SLICE_MODE_RACH bound to: 0 - type: integer 
	Parameter C_REG_SLICE_MODE_RDCH bound to: 0 - type: integer 
	Parameter C_REG_SLICE_MODE_AXIS bound to: 0 - type: integer 
INFO: [Synth 8-3491] module 'fifo_generator_v13_2_5' declared at 'c:/Users/jp/GitHub/OpenTitan/husky/fpga/vivado/cwhusky.srcs/sources_1/ip/cwlite_shallow_fifo/hdl/fifo_generator_v13_2_vhsyn_rfs.vhd:38604' bound to instance 'U0' of component 'fifo_generator_v13_2_5' [c:/Users/jp/GitHub/OpenTitan/husky/fpga/vivado/cwhusky.srcs/sources_1/ip/cwlite_shallow_fifo/synth/cwlite_shallow_fifo.vhd:547]
INFO: [Synth 8-6157] synthesizing module 'xpm_cdc_sync_rst' [C:/Xilinx/Vivado/2019.2/data/ip/xpm/xpm_cdc/hdl/xpm_cdc.sv:1059]
INFO: [Synth 8-5534] Detected attribute (* ASYNC_REG = "TRUE" *) [C:/Xilinx/Vivado/2019.2/data/ip/xpm/xpm_cdc/hdl/xpm_cdc.sv:1111]
INFO: [Synth 8-6155] done synthesizing module 'xpm_cdc_sync_rst' (1#1) [C:/Xilinx/Vivado/2019.2/data/ip/xpm/xpm_cdc/hdl/xpm_cdc.sv:1059]
INFO: [Synth 8-6157] synthesizing module 'xpm_cdc_single' [C:/Xilinx/Vivado/2019.2/data/ip/xpm/xpm_cdc/hdl/xpm_cdc.sv:153]
INFO: [Synth 8-5534] Detected attribute (* ASYNC_REG = "TRUE" *) [C:/Xilinx/Vivado/2019.2/data/ip/xpm/xpm_cdc/hdl/xpm_cdc.sv:205]
INFO: [Synth 8-6155] done synthesizing module 'xpm_cdc_single' (2#1) [C:/Xilinx/Vivado/2019.2/data/ip/xpm/xpm_cdc/hdl/xpm_cdc.sv:153]
INFO: [Synth 8-6157] synthesizing module 'xpm_cdc_gray' [C:/Xilinx/Vivado/2019.2/data/ip/xpm/xpm_cdc/hdl/xpm_cdc.sv:284]
INFO: [Synth 8-5534] Detected attribute (* ASYNC_REG = "TRUE" *) [C:/Xilinx/Vivado/2019.2/data/ip/xpm/xpm_cdc/hdl/xpm_cdc.sv:358]
INFO: [Synth 8-6155] done synthesizing module 'xpm_cdc_gray' (14#1) [C:/Xilinx/Vivado/2019.2/data/ip/xpm/xpm_cdc/hdl/xpm_cdc.sv:284]
INFO: [Synth 8-6157] synthesizing module 'xpm_cdc_gray__parameterized1' [C:/Xilinx/Vivado/2019.2/data/ip/xpm/xpm_cdc/hdl/xpm_cdc.sv:284]
INFO: [Synth 8-6155] done synthesizing module 'xpm_cdc_gray__parameterized1' (14#1) [C:/Xilinx/Vivado/2019.2/data/ip/xpm/xpm_cdc/hdl/xpm_cdc.sv:284]
INFO: [Synth 8-256] done synthesizing module 'cwlite_shallow_fifo' (31#1) [c:/Users/jp/GitHub/OpenTitan/husky/fpga/vivado/cwhusky.srcs/sources_1/ip/cwlite_shallow_fifo/synth/cwlite_shallow_fifo.vhd:77]
WARNING: [Synth 8-3331] design output_blk has unconnected port ALMOST_FULL_I
WARNING: [Synth 8-3331] design output_blk has unconnected port PROG_FULL_I
WARNING: [Synth 8-3331] design output_blk has unconnected port ALMOST_EMPTY_I
WARNING: [Synth 8-3331] design output_blk has unconnected port PROG_EMPTY_I
WARNING: [Synth 8-3331] design output_blk has unconnected port WR_ACK_I
WARNING: [Synth 8-3331] design output_blk has unconnected port VALID_I
WARNING: [Synth 8-3331] design output_blk has unconnected port UNDERFLOW_I
WARNING: [Synth 8-3331] design output_blk has unconnected port DATA_COUNT_I[8]
WARNING: [Synth 8-3331] design output_blk has unconnected port DATA_COUNT_I[7]
WARNING: [Synth 8-3331] design output_blk has unconnected port DATA_COUNT_I[6]
WARNING: [Synth 8-3331] design output_blk has unconnected port DATA_COUNT_I[5]
WARNING: [Synth 8-3331] design output_blk has unconnected port DATA_COUNT_I[4]
WARNING: [Synth 8-3331] design output_blk has unconnected port DATA_COUNT_I[3]
WARNING: [Synth 8-3331] design output_blk has unconnected port DATA_COUNT_I[2]
WARNING: [Synth 8-3331] design output_blk has unconnected port DATA_COUNT_I[1]
WARNING: [Synth 8-3331] design output_blk has unconnected port DATA_COUNT_I[0]
WARNING: [Synth 8-3331] design output_blk has unconnected port WR_DATA_COUNT_I[10]
WARNING: [Synth 8-3331] design output_blk has unconnected port WR_DATA_COUNT_I[9]
WARNING: [Synth 8-3331] design output_blk has unconnected port WR_DATA_COUNT_I[8]
WARNING: [Synth 8-3331] design output_blk has unconnected port WR_DATA_COUNT_I[7]
WARNING: [Synth 8-3331] design output_blk has unconnected port WR_DATA_COUNT_I[6]
WARNING: [Synth 8-3331] design output_blk has unconnected port WR_DATA_COUNT_I[5]
WARNING: [Synth 8-3331] design output_blk has unconnected port WR_DATA_COUNT_I[4]
WARNING: [Synth 8-3331] design output_blk has unconnected port WR_DATA_COUNT_I[3]
WARNING: [Synth 8-3331] design output_blk has unconnected port WR_DATA_COUNT_I[2]
WARNING: [Synth 8-3331] design output_blk has unconnected port WR_DATA_COUNT_I[1]
WARNING: [Synth 8-3331] design output_blk has unconnected port WR_DATA_COUNT_I[0]
WARNING: [Synth 8-3331] design output_blk has unconnected port SBITERR_I
WARNING: [Synth 8-3331] design output_blk has unconnected port DBITERR_I
WARNING: [Synth 8-3331] design wr_handshaking_flags has unconnected port WR_ACK
WARNING: [Synth 8-3331] design wr_handshaking_flags has unconnected port WR_RST
WARNING: [Synth 8-3331] design wr_handshaking_flags has unconnected port SRST
WARNING: [Synth 8-3331] design wr_status_flags_as has unconnected port WR_RST
WARNING: [Synth 8-3331] design wr_status_flags_as has unconnected port RST_FULL_FF
WARNING: [Synth 8-3331] design wr_status_flags_as has unconnected port SAFETY_CKT_WR_RST
WARNING: [Synth 8-3331] design wr_status_flags_as has unconnected port WR_PNTR_PLUS3[9]
WARNING: [Synth 8-3331] design wr_status_flags_as has unconnected port WR_PNTR_PLUS3[8]
WARNING: [Synth 8-3331] design wr_status_flags_as has unconnected port WR_PNTR_PLUS3[7]
WARNING: [Synth 8-3331] design wr_status_flags_as has unconnected port WR_PNTR_PLUS3[6]
WARNING: [Synth 8-3331] design wr_status_flags_as has unconnected port WR_PNTR_PLUS3[5]
WARNING: [Synth 8-3331] design wr_status_flags_as has unconnected port WR_PNTR_PLUS3[4]
WARNING: [Synth 8-3331] design wr_status_flags_as has unconnected port WR_PNTR_PLUS3[3]
WARNING: [Synth 8-3331] design wr_status_flags_as has unconnected port WR_PNTR_PLUS3[2]
WARNING: [Synth 8-3331] design wr_status_flags_as has unconnected port WR_PNTR_PLUS3[1]
WARNING: [Synth 8-3331] design wr_status_flags_as has unconnected port WR_PNTR_PLUS3[0]
WARNING: [Synth 8-3331] design wr_bin_cntr has unconnected port RST
WARNING: [Synth 8-3331] design wr_logic has unconnected port WR_EN_INTO_LOGIC
WARNING: [Synth 8-3331] design wr_logic has unconnected port WR_RST_INTO_LOGIC
WARNING: [Synth 8-3331] design wr_logic has unconnected port RD_EN
WARNING: [Synth 8-3331] design wr_logic has unconnected port SRST_FULL_FF
WARNING: [Synth 8-3331] design wr_logic has unconnected port EMPTY
WARNING: [Synth 8-3331] design wr_logic has unconnected port RAM_RD_EN
WARNING: [Synth 8-3331] design wr_logic has unconnected port ALMOST_EMPTY
WARNING: [Synth 8-3331] design wr_logic has unconnected port PROG_FULL_THRESH[9]
WARNING: [Synth 8-3331] design wr_logic has unconnected port PROG_FULL_THRESH[8]
WARNING: [Synth 8-3331] design wr_logic has unconnected port PROG_FULL_THRESH[7]
WARNING: [Synth 8-3331] design wr_logic has unconnected port PROG_FULL_THRESH[6]
WARNING: [Synth 8-3331] design wr_logic has unconnected port PROG_FULL_THRESH[5]
WARNING: [Synth 8-3331] design wr_logic has unconnected port PROG_FULL_THRESH[4]
WARNING: [Synth 8-3331] design wr_logic has unconnected port PROG_FULL_THRESH[3]
WARNING: [Synth 8-3331] design wr_logic has unconnected port PROG_FULL_THRESH[2]
WARNING: [Synth 8-3331] design wr_logic has unconnected port PROG_FULL_THRESH[1]
WARNING: [Synth 8-3331] design wr_logic has unconnected port PROG_FULL_THRESH[0]
WARNING: [Synth 8-3331] design wr_logic has unconnected port PROG_FULL_THRESH_ASSERT[9]
WARNING: [Synth 8-3331] design wr_logic has unconnected port PROG_FULL_THRESH_ASSERT[8]
WARNING: [Synth 8-3331] design wr_logic has unconnected port PROG_FULL_THRESH_ASSERT[7]
WARNING: [Synth 8-3331] design wr_logic has unconnected port PROG_FULL_THRESH_ASSERT[6]
WARNING: [Synth 8-3331] design wr_logic has unconnected port PROG_FULL_THRESH_ASSERT[5]
WARNING: [Synth 8-3331] design wr_logic has unconnected port PROG_FULL_THRESH_ASSERT[4]
WARNING: [Synth 8-3331] design wr_logic has unconnected port PROG_FULL_THRESH_ASSERT[3]
WARNING: [Synth 8-3331] design wr_logic has unconnected port PROG_FULL_THRESH_ASSERT[2]
WARNING: [Synth 8-3331] design wr_logic has unconnected port PROG_FULL_THRESH_ASSERT[1]
WARNING: [Synth 8-3331] design wr_logic has unconnected port PROG_FULL_THRESH_ASSERT[0]
WARNING: [Synth 8-3331] design wr_logic has unconnected port PROG_FULL_THRESH_NEGATE[9]
WARNING: [Synth 8-3331] design wr_logic has unconnected port PROG_FULL_THRESH_NEGATE[8]
WARNING: [Synth 8-3331] design wr_logic has unconnected port PROG_FULL_THRESH_NEGATE[7]
WARNING: [Synth 8-3331] design wr_logic has unconnected port PROG_FULL_THRESH_NEGATE[6]
WARNING: [Synth 8-3331] design wr_logic has unconnected port PROG_FULL_THRESH_NEGATE[5]
WARNING: [Synth 8-3331] design wr_logic has unconnected port PROG_FULL_THRESH_NEGATE[4]
WARNING: [Synth 8-3331] design wr_logic has unconnected port PROG_FULL_THRESH_NEGATE[3]
WARNING: [Synth 8-3331] design wr_logic has unconnected port PROG_FULL_THRESH_NEGATE[2]
WARNING: [Synth 8-3331] design wr_logic has unconnected port PROG_FULL_THRESH_NEGATE[1]
WARNING: [Synth 8-3331] design wr_logic has unconnected port PROG_FULL_THRESH_NEGATE[0]
WARNING: [Synth 8-3331] design rd_dc_fwft_ext_as has unconnected port RD_RST
WARNING: [Synth 8-3331] design rd_dc_fwft_ext_as has unconnected port EMPTY_FWFT
WARNING: [Synth 8-3331] design rd_dc_fwft_ext_as has unconnected port ALMOST_EMPTY_FWFT
WARNING: [Synth 8-3331] design rd_dc_fwft_ext_as has unconnected port WR_PNTR_RD[1]
WARNING: [Synth 8-3331] design rd_dc_fwft_ext_as has unconnected port WR_PNTR_RD[0]
WARNING: [Synth 8-3331] design rd_fwft has unconnected port RD_RST
WARNING: [Synth 8-3331] design rd_fwft has unconnected port SAFETY_CKT_RD_RST
WARNING: [Synth 8-3331] design rd_fwft has unconnected port RAM_ALMOST_EMPTY
WARNING: [Synth 8-3331] design rd_status_flags_as has unconnected port RD_RST
WARNING: [Synth 8-3331] design rd_status_flags_as has unconnected port SAFETY_CKT_RD_RST
WARNING: [Synth 8-3331] design rd_status_flags_as has unconnected port RD_PNTR_PLUS2[7]
WARNING: [Synth 8-3331] design rd_status_flags_as has unconnected port RD_PNTR_PLUS2[6]
WARNING: [Synth 8-3331] design rd_status_flags_as has unconnected port RD_PNTR_PLUS2[5]
WARNING: [Synth 8-3331] design rd_status_flags_as has unconnected port RD_PNTR_PLUS2[4]
WARNING: [Synth 8-3331] design rd_status_flags_as has unconnected port RD_PNTR_PLUS2[3]
WARNING: [Synth 8-3331] design rd_status_flags_as has unconnected port RD_PNTR_PLUS2[2]
WARNING: [Synth 8-3331] design rd_status_flags_as has unconnected port RD_PNTR_PLUS2[1]
INFO: [Common 17-14] Message 'Synth 8-3331' appears 100 times and further instances of the messages will be disabled. Use the Tcl command set_msg_config to change the current settings.
---------------------------------------------------------------------------------
Finished RTL Elaboration : Time (s): cpu = 00:00:43 ; elapsed = 00:00:45 . Memory (MB): peak = 1273.109 ; gain = 546.137
---------------------------------------------------------------------------------

Report Check Netlist: 
+------+------------------+-------+---------+-------+------------------+
|      |Item              |Errors |Warnings |Status |Description       |
+------+------------------+-------+---------+-------+------------------+
|1     |multi_driven_nets |      0|        0|Passed |Multi driven nets |
+------+------------------+-------+---------+-------+------------------+
---------------------------------------------------------------------------------
Start Handling Custom Attributes
---------------------------------------------------------------------------------
---------------------------------------------------------------------------------
Finished Handling Custom Attributes : Time (s): cpu = 00:00:43 ; elapsed = 00:00:46 . Memory (MB): peak = 1273.109 ; gain = 546.137
---------------------------------------------------------------------------------
---------------------------------------------------------------------------------
Finished RTL Optimization Phase 1 : Time (s): cpu = 00:00:43 ; elapsed = 00:00:46 . Memory (MB): peak = 1273.109 ; gain = 546.137
---------------------------------------------------------------------------------
Netlist sorting complete. Time (s): cpu = 00:00:00 ; elapsed = 00:00:00.064 . Memory (MB): peak = 1273.109 ; gain = 0.000
INFO: [Netlist 29-17] Analyzing 12 Unisim elements for replacement
INFO: [Netlist 29-28] Unisim Transformation completed in 0 CPU seconds
INFO: [Project 1-570] Preparing netlist for logic optimization

Processing XDC Constraints
Initializing timing engine
Parsing XDC File [c:/Users/jp/GitHub/OpenTitan/husky/fpga/vivado/cwhusky.srcs/sources_1/ip/cwlite_shallow_fifo/cwlite_shallow_fifo_ooc.xdc] for cell 'U0'
Finished Parsing XDC File [c:/Users/jp/GitHub/OpenTitan/husky/fpga/vivado/cwhusky.srcs/sources_1/ip/cwlite_shallow_fifo/cwlite_shallow_fifo_ooc.xdc] for cell 'U0'
Parsing XDC File [c:/Users/jp/GitHub/OpenTitan/husky/fpga/vivado/cwhusky.srcs/sources_1/ip/cwlite_shallow_fifo/cwlite_shallow_fifo.xdc] for cell 'U0'
Finished Parsing XDC File [c:/Users/jp/GitHub/OpenTitan/husky/fpga/vivado/cwhusky.srcs/sources_1/ip/cwlite_shallow_fifo/cwlite_shallow_fifo.xdc] for cell 'U0'
Parsing XDC File [C:/Users/jp/GitHub/OpenTitan/husky/fpga/vivado/cwhusky.runs/cwlite_shallow_fifo_synth_1/dont_touch.xdc]
Finished Parsing XDC File [C:/Users/jp/GitHub/OpenTitan/husky/fpga/vivado/cwhusky.runs/cwlite_shallow_fifo_synth_1/dont_touch.xdc]
Parsing XDC File [c:/Users/jp/GitHub/OpenTitan/husky/fpga/vivado/cwhusky.srcs/sources_1/ip/cwlite_shallow_fifo/cwlite_shallow_fifo_clocks.xdc] for cell 'U0'
Finished Parsing XDC File [c:/Users/jp/GitHub/OpenTitan/husky/fpga/vivado/cwhusky.srcs/sources_1/ip/cwlite_shallow_fifo/cwlite_shallow_fifo_clocks.xdc] for cell 'U0'
Sourcing Tcl File [C:/Xilinx/Vivado/2019.2/data/ip/xpm/xpm_cdc/tcl/xpm_cdc_gray.tcl] for cell 'U0/inst_fifo_gen/gconvfifo.rf/grf.rf/gntv_or_sync_fifo.gcx.clkx/wr_pntr_cdc_inst'
Finished Sourcing Tcl File [C:/Xilinx/Vivado/2019.2/data/ip/xpm/xpm_cdc/tcl/xpm_cdc_gray.tcl] for cell 'U0/inst_fifo_gen/gconvfifo.rf/grf.rf/gntv_or_sync_fifo.gcx.clkx/wr_pntr_cdc_inst'
Sourcing Tcl File [C:/Xilinx/Vivado/2019.2/data/ip/xpm/xpm_cdc/tcl/xpm_cdc_gray.tcl] for cell 'U0/inst_fifo_gen/gconvfifo.rf/grf.rf/gntv_or_sync_fifo.gcx.clkx/rd_pntr_cdc_inst'
Finished Sourcing Tcl File [C:/Xilinx/Vivado/2019.2/data/ip/xpm/xpm_cdc/tcl/xpm_cdc_gray.tcl] for cell 'U0/inst_fifo_gen/gconvfifo.rf/grf.rf/gntv_or_sync_fifo.gcx.clkx/rd_pntr_cdc_inst'
INFO: [Project 1-236] Implementation specific constraints were found while reading constraint file [C:/Xilinx/Vivado/2019.2/data/ip/xpm/xpm_cdc/tcl/xpm_cdc_gray.tcl]. These constraints will be ignored for synthesis but will be used in implementation. Impacted constraints are listed in the file [.Xil/cwlite_shallow_fifo_propImpl.xdc].
Resolution: To avoid this warning, move constraints listed in [.Xil/cwlite_shallow_fifo_propImpl.xdc] to another XDC file and exclude this new file from synthesis with the used_in_synthesis property (File Properties dialog in GUI) and re-run elaboration/synthesis.
Sourcing Tcl File [C:/Xilinx/Vivado/2019.2/data/ip/xpm/xpm_cdc/tcl/xpm_cdc_single.tcl] for cell 'U0/inst_fifo_gen/gconvfifo.rf/grf.rf/rstblk/ngwrdrst.grst.g7serrst.gsckt_wrst.gic_rst.xpm_cdc_single_inst_rrst_wr'
Finished Sourcing Tcl File [C:/Xilinx/Vivado/2019.2/data/ip/xpm/xpm_cdc/tcl/xpm_cdc_single.tcl] for cell 'U0/inst_fifo_gen/gconvfifo.rf/grf.rf/rstblk/ngwrdrst.grst.g7serrst.gsckt_wrst.gic_rst.xpm_cdc_single_inst_rrst_wr'
Sourcing Tcl File [C:/Xilinx/Vivado/2019.2/data/ip/xpm/xpm_cdc/tcl/xpm_cdc_single.tcl] for cell 'U0/inst_fifo_gen/gconvfifo.rf/grf.rf/rstblk/ngwrdrst.grst.g7serrst.gsckt_wrst.gic_rst.xpm_cdc_single_inst_wrst_rd'
Finished Sourcing Tcl File [C:/Xilinx/Vivado/2019.2/data/ip/xpm/xpm_cdc/tcl/xpm_cdc_single.tcl] for cell 'U0/inst_fifo_gen/gconvfifo.rf/grf.rf/rstblk/ngwrdrst.grst.g7serrst.gsckt_wrst.gic_rst.xpm_cdc_single_inst_wrst_rd'
INFO: [Project 1-236] Implementation specific constraints were found while reading constraint file [C:/Xilinx/Vivado/2019.2/data/ip/xpm/xpm_cdc/tcl/xpm_cdc_single.tcl]. These constraints will be ignored for synthesis but will be used in implementation. Impacted constraints are listed in the file [.Xil/cwlite_shallow_fifo_propImpl.xdc].
Resolution: To avoid this warning, move constraints listed in [.Xil/cwlite_shallow_fifo_propImpl.xdc] to another XDC file and exclude this new file from synthesis with the used_in_synthesis property (File Properties dialog in GUI) and re-run elaboration/synthesis.
Sourcing Tcl File [C:/Xilinx/Vivado/2019.2/data/ip/xpm/xpm_cdc/tcl/xpm_cdc_sync_rst.tcl] for cell 'U0/inst_fifo_gen/gconvfifo.rf/grf.rf/rstblk/ngwrdrst.grst.g7serrst.gsckt_wrst.gic_rst.xpm_cdc_sync_rst_inst_wrst'
Finished Sourcing Tcl File [C:/Xilinx/Vivado/2019.2/data/ip/xpm/xpm_cdc/tcl/xpm_cdc_sync_rst.tcl] for cell 'U0/inst_fifo_gen/gconvfifo.rf/grf.rf/rstblk/ngwrdrst.grst.g7serrst.gsckt_wrst.gic_rst.xpm_cdc_sync_rst_inst_wrst'
Sourcing Tcl File [C:/Xilinx/Vivado/2019.2/data/ip/xpm/xpm_cdc/tcl/xpm_cdc_sync_rst.tcl] for cell 'U0/inst_fifo_gen/gconvfifo.rf/grf.rf/rstblk/ngwrdrst.grst.g7serrst.gsckt_wrst.xpm_cdc_sync_rst_inst_wrst'
Finished Sourcing Tcl File [C:/Xilinx/Vivado/2019.2/data/ip/xpm/xpm_cdc/tcl/xpm_cdc_sync_rst.tcl] for cell 'U0/inst_fifo_gen/gconvfifo.rf/grf.rf/rstblk/ngwrdrst.grst.g7serrst.gsckt_wrst.xpm_cdc_sync_rst_inst_wrst'
Completed Processing XDC Constraints

Netlist sorting complete. Time (s): cpu = 00:00:00 ; elapsed = 00:00:00 . Memory (MB): peak = 1273.109 ; gain = 0.000
INFO: [Project 1-111] Unisim Transformation Summary:
No Unisim elements were transformed.

Constraint Validation Runtime : Time (s): cpu = 00:00:00 ; elapsed = 00:00:00.055 . Memory (MB): peak = 1273.109 ; gain = 0.000
---------------------------------------------------------------------------------
Finished Constraint Validation : Time (s): cpu = 00:00:51 ; elapsed = 00:00:54 . Memory (MB): peak = 1273.109 ; gain = 546.137
---------------------------------------------------------------------------------
---------------------------------------------------------------------------------
Start Loading Part and Timing Information
---------------------------------------------------------------------------------
Loading part: xc7a35tftg256-2
---------------------------------------------------------------------------------
Finished Loading Part and Timing Information : Time (s): cpu = 00:00:51 ; elapsed = 00:00:54 . Memory (MB): peak = 1273.109 ; gain = 546.137
---------------------------------------------------------------------------------
---------------------------------------------------------------------------------
Start Applying 'set_property' XDC Constraints
---------------------------------------------------------------------------------
Applied set_property DONT_TOUCH = true for U0. (constraint file  C:/Users/jp/GitHub/OpenTitan/husky/fpga/vivado/cwhusky.runs/cwlite_shallow_fifo_synth_1/dont_touch.xdc, line 9).
Applied set_property DONT_TOUCH = true for U0/inst_fifo_gen/\gconvfifo.rf /\grf.rf /\gntv_or_sync_fifo.gcx.clkx /wr_pntr_cdc_inst. (constraint file  auto generated constraint, line ).
Applied set_property DONT_TOUCH = true for U0/inst_fifo_gen/\gconvfifo.rf /\grf.rf /\gntv_or_sync_fifo.gcx.clkx /rd_pntr_cdc_inst. (constraint file  auto generated constraint, line ).
Applied set_property DONT_TOUCH = true for U0/inst_fifo_gen/\gconvfifo.rf /\grf.rf /rstblk/\ngwrdrst.grst.g7serrst.gsckt_wrst.gic_rst.xpm_cdc_single_inst_rrst_wr . (constraint file  auto generated constraint, line ).
Applied set_property DONT_TOUCH = true for U0/inst_fifo_gen/\gconvfifo.rf /\grf.rf /rstblk/\ngwrdrst.grst.g7serrst.gsckt_wrst.gic_rst.xpm_cdc_single_inst_wrst_rd . (constraint file  auto generated constraint, line ).
Applied set_property DONT_TOUCH = true for U0/inst_fifo_gen/\gconvfifo.rf /\grf.rf /rstblk/\ngwrdrst.grst.g7serrst.gsckt_wrst.gic_rst.xpm_cdc_sync_rst_inst_wrst . (constraint file  auto generated constraint, line ).
Applied set_property DONT_TOUCH = true for U0/inst_fifo_gen/\gconvfifo.rf /\grf.rf /rstblk/\ngwrdrst.grst.g7serrst.gsckt_wrst.xpm_cdc_sync_rst_inst_wrst . (constraint file  auto generated constraint, line ).
---------------------------------------------------------------------------------
Finished applying 'set_property' XDC Constraints : Time (s): cpu = 00:00:51 ; elapsed = 00:00:54 . Memory (MB): peak = 1273.109 ; gain = 546.137
---------------------------------------------------------------------------------
---------------------------------------------------------------------------------
Finished RTL Optimization Phase 2 : Time (s): cpu = 00:00:51 ; elapsed = 00:00:55 . Memory (MB): peak = 1273.109 ; gain = 546.137
---------------------------------------------------------------------------------

Report RTL Partitions: 
+-+--------------+------------+----------+
| |RTL Partition |Replication |Instances |
+-+--------------+------------+----------+
+-+--------------+------------+----------+
---------------------------------------------------------------------------------
Start RTL Component Statistics 
---------------------------------------------------------------------------------
Detailed RTL Component Info : 
+---Adders : 
	   2 Input     10 Bit       Adders := 1     
	   2 Input      9 Bit       Adders := 1     
	   2 Input      8 Bit       Adders := 1     
	   3 Input      8 Bit       Adders := 1     
+---XORs : 
	   2 Input     10 Bit         XORs := 1     
	   2 Input      8 Bit         XORs := 1     
	   2 Input      1 Bit         XORs := 56    
+---Registers : 
	              128 Bit    Registers := 1     
	               10 Bit    Registers := 7     
	                9 Bit    Registers := 1     
	                8 Bit    Registers := 6     
	                5 Bit    Registers := 8     
	                4 Bit    Registers := 1     
	                2 Bit    Registers := 2     
	                1 Bit    Registers := 34    
+---Muxes : 
	   4 Input      9 Bit        Muxes := 1     
	   2 Input      2 Bit        Muxes := 4     
	   5 Input      2 Bit        Muxes := 1     
	   2 Input      1 Bit        Muxes := 9     
	   3 Input      1 Bit        Muxes := 1     
	   4 Input      1 Bit        Muxes := 2     
---------------------------------------------------------------------------------
Finished RTL Component Statistics 
---------------------------------------------------------------------------------
---------------------------------------------------------------------------------
Start RTL Hierarchical Component Statistics 
---------------------------------------------------------------------------------
Hierarchical RTL Component report 
Module xpm_cdc_sync_rst 
Detailed RTL Component Info : 
+---Registers : 
	                5 Bit    Registers := 1     
Module xpm_cdc_single 
Detailed RTL Component Info : 
+---Registers : 
	                5 Bit    Registers := 1     
Module reset_blk_ramfifo 
Detailed RTL Component Info : 
+---Registers : 
	                4 Bit    Registers := 1     
	                2 Bit    Registers := 1     
	                1 Bit    Registers := 7     
+---Muxes : 
	   2 Input      1 Bit        Muxes := 1     
Module blk_mem_gen_prim_width 
Detailed RTL Component Info : 
+---XORs : 
	   2 Input      1 Bit         XORs := 2     
+---Registers : 
	                5 Bit    Registers := 2     
	                1 Bit    Registers := 8     
Module blk_mem_gen_prim_width__parameterized0 
Detailed RTL Component Info : 
+---XORs : 
	   2 Input      1 Bit         XORs := 2     
+---Registers : 
	                5 Bit    Registers := 2     
	                1 Bit    Registers := 8     
Module memory 
Detailed RTL Component Info : 
+---Registers : 
	              128 Bit    Registers := 1     
Module xpm_cdc_gray 
Detailed RTL Component Info : 
+---XORs : 
	   2 Input     10 Bit         XORs := 1     
	   2 Input      1 Bit         XORs := 9     
+---Registers : 
	               10 Bit    Registers := 4     
Module xpm_cdc_gray__parameterized1 
Detailed RTL Component Info : 
+---XORs : 
	   2 Input      8 Bit         XORs := 1     
	   2 Input      1 Bit         XORs := 7     
+---Registers : 
	                8 Bit    Registers := 4     
Module rd_bin_cntr 
Detailed RTL Component Info : 
+---Adders : 
	   2 Input      8 Bit       Adders := 1     
+---Registers : 
	                8 Bit    Registers := 2     
Module compare 
Detailed RTL Component Info : 
+---XORs : 
	   2 Input      1 Bit         XORs := 8     
Module rd_status_flags_as 
Detailed RTL Component Info : 
+---Registers : 
	                1 Bit    Registers := 2     
+---Muxes : 
	   2 Input      1 Bit        Muxes := 1     
Module rd_fwft 
Detailed RTL Component Info : 
+---Registers : 
	                2 Bit    Registers := 1     
	                1 Bit    Registers := 6     
+---Muxes : 
	   2 Input      2 Bit        Muxes := 4     
	   5 Input      2 Bit        Muxes := 1     
	   3 Input      1 Bit        Muxes := 1     
	   2 Input      1 Bit        Muxes := 5     
	   4 Input      1 Bit        Muxes := 2     
Module rd_dc_fwft_ext_as 
Detailed RTL Component Info : 
+---Adders : 
	   2 Input      9 Bit       Adders := 1     
	   3 Input      8 Bit       Adders := 1     
+---Registers : 
	                9 Bit    Registers := 1     
+---Muxes : 
	   4 Input      9 Bit        Muxes := 1     
	   2 Input      1 Bit        Muxes := 1     
Module wr_bin_cntr 
Detailed RTL Component Info : 
+---Adders : 
	   2 Input     10 Bit       Adders := 1     
+---Registers : 
	               10 Bit    Registers := 3     
Module compare__parameterized0 
Detailed RTL Component Info : 
+---XORs : 
	   2 Input      1 Bit         XORs := 10    
Module wr_status_flags_as 
Detailed RTL Component Info : 
+---Registers : 
	                1 Bit    Registers := 2     
+---Muxes : 
	   2 Input      1 Bit        Muxes := 1     
Module wr_handshaking_flags 
Detailed RTL Component Info : 
+---Registers : 
	                1 Bit    Registers := 1     
---------------------------------------------------------------------------------
Finished RTL Hierarchical Component Statistics
---------------------------------------------------------------------------------
---------------------------------------------------------------------------------
Start Part Resource Summary
---------------------------------------------------------------------------------
Part Resources:
DSPs: 90 (col length:60)
BRAMs: 100 (col length: RAMB18 60 RAMB36 30)
---------------------------------------------------------------------------------
Finished Part Resource Summary
---------------------------------------------------------------------------------
---------------------------------------------------------------------------------
Start Cross Boundary and Area Optimization
---------------------------------------------------------------------------------
Warning: Parallel synthesis criteria is not met 
INFO: [Synth 8-3886] merging instance 'U0/inst_fifo_gen/gconvfifo.rf/grf.rf/gntv_or_sync_fifo.mem/gbm.gbmg.gbmga.ngecc.bmg/inst_blk_mem_gen/gnbram.gnativebmg.native_blk_mem_gen/valid.cstr/ramloop[0].ram.r/SAFETY_CKT_GEN.RSTA_SHFT_REG_reg[0]' (FDS) to 'U0/inst_fifo_gen/gconvfifo.rf/grf.rf/gntv_or_sync_fifo.mem/gbm.gbmg.gbmga.ngecc.bmg/inst_blk_mem_gen/gnbram.gnativebmg.native_blk_mem_gen/valid.cstr/ramloop[1].ram.r/SAFETY_CKT_GEN.RSTA_SHFT_REG_reg[0]'
INFO: [Synth 8-3886] merging instance 'U0/inst_fifo_gen/gconvfifo.rf/grf.rf/gntv_or_sync_fifo.mem/gbm.gbmg.gbmga.ngecc.bmg/inst_blk_mem_gen/gnbram.gnativebmg.native_blk_mem_gen/valid.cstr/ramloop[0].ram.r/SAFETY_CKT_GEN.RSTB_SHFT_REG_reg[0]' (FDS) to 'U0/inst_fifo_gen/gconvfifo.rf/grf.rf/gntv_or_sync_fifo.mem/gbm.gbmg.gbmga.ngecc.bmg/inst_blk_mem_gen/gnbram.gnativebmg.native_blk_mem_gen/valid.cstr/ramloop[1].ram.r/SAFETY_CKT_GEN.RSTB_SHFT_REG_reg[0]'
INFO: [Synth 8-3886] merging instance 'U0/inst_fifo_gen/gconvfifo.rf/grf.rf/gntv_or_sync_fifo.mem/gbm.gbmg.gbmga.ngecc.bmg/inst_blk_mem_gen/gnbram.gnativebmg.native_blk_mem_gen/valid.cstr/ramloop[0].ram.r/SAFETY_CKT_GEN.RSTA_SHFT_REG_reg[1]' (FD) to 'U0/inst_fifo_gen/gconvfifo.rf/grf.rf/gntv_or_sync_fifo.mem/gbm.gbmg.gbmga.ngecc.bmg/inst_blk_mem_gen/gnbram.gnativebmg.native_blk_mem_gen/valid.cstr/ramloop[1].ram.r/SAFETY_CKT_GEN.RSTA_SHFT_REG_reg[1]'
INFO: [Synth 8-3886] merging instance 'U0/inst_fifo_gen/gconvfifo.rf/grf.rf/gntv_or_sync_fifo.mem/gbm.gbmg.gbmga.ngecc.bmg/inst_blk_mem_gen/gnbram.gnativebmg.native_blk_mem_gen/valid.cstr/ramloop[0].ram.r/SAFETY_CKT_GEN.RSTA_SHFT_REG_reg[2]' (FD) to 'U0/inst_fifo_gen/gconvfifo.rf/grf.rf/gntv_or_sync_fifo.mem/gbm.gbmg.gbmga.ngecc.bmg/inst_blk_mem_gen/gnbram.gnativebmg.native_blk_mem_gen/valid.cstr/ramloop[1].ram.r/SAFETY_CKT_GEN.RSTA_SHFT_REG_reg[2]'
INFO: [Synth 8-3886] merging instance 'U0/inst_fifo_gen/gconvfifo.rf/grf.rf/gntv_or_sync_fifo.mem/gbm.gbmg.gbmga.ngecc.bmg/inst_blk_mem_gen/gnbram.gnativebmg.native_blk_mem_gen/valid.cstr/ramloop[0].ram.r/SAFETY_CKT_GEN.RSTB_SHFT_REG_reg[1]' (FD) to 'U0/inst_fifo_gen/gconvfifo.rf/grf.rf/gntv_or_sync_fifo.mem/gbm.gbmg.gbmga.ngecc.bmg/inst_blk_mem_gen/gnbram.gnativebmg.native_blk_mem_gen/valid.cstr/ramloop[1].ram.r/SAFETY_CKT_GEN.RSTB_SHFT_REG_reg[1]'
INFO: [Synth 8-3886] merging instance 'U0/inst_fifo_gen/gconvfifo.rf/grf.rf/gntv_or_sync_fifo.mem/gbm.gbmg.gbmga.ngecc.bmg/inst_blk_mem_gen/gnbram.gnativebmg.native_blk_mem_gen/valid.cstr/ramloop[0].ram.r/SAFETY_CKT_GEN.RSTA_SHFT_REG_reg[3]' (FD) to 'U0/inst_fifo_gen/gconvfifo.rf/grf.rf/gntv_or_sync_fifo.mem/gbm.gbmg.gbmga.ngecc.bmg/inst_blk_mem_gen/gnbram.gnativebmg.native_blk_mem_gen/valid.cstr/ramloop[1].ram.r/SAFETY_CKT_GEN.RSTA_SHFT_REG_reg[3]'
INFO: [Synth 8-3886] merging instance 'U0/inst_fifo_gen/gconvfifo.rf/grf.rf/gntv_or_sync_fifo.mem/gbm.gbmg.gbmga.ngecc.bmg/inst_blk_mem_gen/gnbram.gnativebmg.native_blk_mem_gen/valid.cstr/ramloop[0].ram.r/SAFETY_CKT_GEN.RSTB_SHFT_REG_reg[2]' (FD) to 'U0/inst_fifo_gen/gconvfifo.rf/grf.rf/gntv_or_sync_fifo.mem/gbm.gbmg.gbmga.ngecc.bmg/inst_blk_mem_gen/gnbram.gnativebmg.native_blk_mem_gen/valid.cstr/ramloop[1].ram.r/SAFETY_CKT_GEN.RSTB_SHFT_REG_reg[2]'
INFO: [Synth 8-3886] merging instance 'U0/inst_fifo_gen/gconvfifo.rf/grf.rf/gntv_or_sync_fifo.mem/gbm.gbmg.gbmga.ngecc.bmg/inst_blk_mem_gen/gnbram.gnativebmg.native_blk_mem_gen/valid.cstr/ramloop[0].ram.r/SAFETY_CKT_GEN.RSTA_SHFT_REG_reg[4]' (FD) to 'U0/inst_fifo_gen/gconvfifo.rf/grf.rf/gntv_or_sync_fifo.mem/gbm.gbmg.gbmga.ngecc.bmg/inst_blk_mem_gen/gnbram.gnativebmg.native_blk_mem_gen/valid.cstr/ramloop[1].ram.r/SAFETY_CKT_GEN.RSTA_SHFT_REG_reg[4]'
INFO: [Synth 8-3886] merging instance 'U0/inst_fifo_gen/gconvfifo.rf/grf.rf/gntv_or_sync_fifo.mem/gbm.gbmg.gbmga.ngecc.bmg/inst_blk_mem_gen/gnbram.gnativebmg.native_blk_mem_gen/valid.cstr/ramloop[0].ram.r/SAFETY_CKT_GEN.RSTB_SHFT_REG_reg[3]' (FD) to 'U0/inst_fifo_gen/gconvfifo.rf/grf.rf/gntv_or_sync_fifo.mem/gbm.gbmg.gbmga.ngecc.bmg/inst_blk_mem_gen/gnbram.gnativebmg.native_blk_mem_gen/valid.cstr/ramloop[1].ram.r/SAFETY_CKT_GEN.RSTB_SHFT_REG_reg[3]'
INFO: [Synth 8-3886] merging instance 'U0/inst_fifo_gen/gconvfifo.rf/grf.rf/gntv_or_sync_fifo.mem/gbm.gbmg.gbmga.ngecc.bmg/inst_blk_mem_gen/gnbram.gnativebmg.native_blk_mem_gen/valid.cstr/ramloop[0].ram.r/SAFETY_CKT_GEN.RSTB_SHFT_REG_reg[4]' (FD) to 'U0/inst_fifo_gen/gconvfifo.rf/grf.rf/gntv_or_sync_fifo.mem/gbm.gbmg.gbmga.ngecc.bmg/inst_blk_mem_gen/gnbram.gnativebmg.native_blk_mem_gen/valid.cstr/ramloop[1].ram.r/SAFETY_CKT_GEN.RSTB_SHFT_REG_reg[4]'
INFO: [Synth 8-3886] merging instance 'U0/inst_fifo_gen/gconvfifo.rf/grf.rf/gntv_or_sync_fifo.mem/gbm.gbmg.gbmga.ngecc.bmg/inst_blk_mem_gen/gnbram.gnativebmg.native_blk_mem_gen/valid.cstr/ramloop[0].ram.r/SAFETY_CKT_GEN.POR_A_reg' (FD) to 'U0/inst_fifo_gen/gconvfifo.rf/grf.rf/gntv_or_sync_fifo.mem/gbm.gbmg.gbmga.ngecc.bmg/inst_blk_mem_gen/gnbram.gnativebmg.native_blk_mem_gen/valid.cstr/ramloop[1].ram.r/SAFETY_CKT_GEN.POR_A_reg'
INFO: [Synth 8-3886] merging instance 'U0/inst_fifo_gen/gconvfifo.rf/grf.rf/gntv_or_sync_fifo.mem/gbm.gbmg.gbmga.ngecc.bmg/inst_blk_mem_gen/gnbram.gnativebmg.native_blk_mem_gen/valid.cstr/ramloop[0].ram.r/SAFETY_CKT_GEN.ENA_NO_REG.ENA_dly_reg' (FD) to 'U0/inst_fifo_gen/gconvfifo.rf/grf.rf/gntv_or_sync_fifo.mem/gbm.gbmg.gbmga.ngecc.bmg/inst_blk_mem_gen/gnbram.gnativebmg.native_blk_mem_gen/valid.cstr/ramloop[1].ram.r/SAFETY_CKT_GEN.ENA_NO_REG.ENA_dly_reg'
INFO: [Synth 8-3886] merging instance 'U0/inst_fifo_gen/gconvfifo.rf/grf.rf/gntv_or_sync_fifo.mem/gbm.gbmg.gbmga.ngecc.bmg/inst_blk_mem_gen/gnbram.gnativebmg.native_blk_mem_gen/valid.cstr/ramloop[0].ram.r/SAFETY_CKT_GEN.POR_B_reg' (FD) to 'U0/inst_fifo_gen/gconvfifo.rf/grf.rf/gntv_or_sync_fifo.mem/gbm.gbmg.gbmga.ngecc.bmg/inst_blk_mem_gen/gnbram.gnativebmg.native_blk_mem_gen/valid.cstr/ramloop[1].ram.r/SAFETY_CKT_GEN.POR_B_reg'
INFO: [Synth 8-3886] merging instance 'U0/inst_fifo_gen/gconvfifo.rf/grf.rf/gntv_or_sync_fifo.mem/gbm.gbmg.gbmga.ngecc.bmg/inst_blk_mem_gen/gnbram.gnativebmg.native_blk_mem_gen/valid.cstr/ramloop[0].ram.r/SAFETY_CKT_GEN.ENA_NO_REG.ENA_dly_D_reg' (FD) to 'U0/inst_fifo_gen/gconvfifo.rf/grf.rf/gntv_or_sync_fifo.mem/gbm.gbmg.gbmga.ngecc.bmg/inst_blk_mem_gen/gnbram.gnativebmg.native_blk_mem_gen/valid.cstr/ramloop[1].ram.r/SAFETY_CKT_GEN.ENA_NO_REG.ENA_dly_D_reg'
INFO: [Synth 8-3886] merging instance 'U0/inst_fifo_gen/gconvfifo.rf/grf.rf/gntv_or_sync_fifo.mem/gbm.gbmg.gbmga.ngecc.bmg/inst_blk_mem_gen/gnbram.gnativebmg.native_blk_mem_gen/valid.cstr/ramloop[0].ram.r/SAFETY_CKT_GEN.ENB_NO_REG.ENB_dly_reg' (FD) to 'U0/inst_fifo_gen/gconvfifo.rf/grf.rf/gntv_or_sync_fifo.mem/gbm.gbmg.gbmga.ngecc.bmg/inst_blk_mem_gen/gnbram.gnativebmg.native_blk_mem_gen/valid.cstr/ramloop[1].ram.r/SAFETY_CKT_GEN.ENB_NO_REG.ENB_dly_reg'
INFO: [Synth 8-3886] merging instance 'U0/inst_fifo_gen/gconvfifo.rf/grf.rf/gntv_or_sync_fifo.mem/gbm.gbmg.gbmga.ngecc.bmg/inst_blk_mem_gen/gnbram.gnativebmg.native_blk_mem_gen/valid.cstr/ramloop[0].ram.r/SAFETY_CKT_GEN.ENB_NO_REG.ENB_dly_D_reg' (FD) to 'U0/inst_fifo_gen/gconvfifo.rf/grf.rf/gntv_or_sync_fifo.mem/gbm.gbmg.gbmga.ngecc.bmg/inst_blk_mem_gen/gnbram.gnativebmg.native_blk_mem_gen/valid.cstr/ramloop[1].ram.r/SAFETY_CKT_GEN.ENB_NO_REG.ENB_dly_D_reg'
---------------------------------------------------------------------------------
Finished Cross Boundary and Area Optimization : Time (s): cpu = 00:00:54 ; elapsed = 00:00:57 . Memory (MB): peak = 1273.109 ; gain = 546.137
---------------------------------------------------------------------------------

Report RTL Partitions: 
+-+--------------+------------+----------+
| |RTL Partition |Replication |Instances |
+-+--------------+------------+----------+
+-+--------------+------------+----------+
---------------------------------------------------------------------------------
Start Applying XDC Timing Constraints
---------------------------------------------------------------------------------
---------------------------------------------------------------------------------
Finished Applying XDC Timing Constraints : Time (s): cpu = 00:01:02 ; elapsed = 00:01:05 . Memory (MB): peak = 1273.109 ; gain = 546.137
---------------------------------------------------------------------------------
---------------------------------------------------------------------------------
Start Timing Optimization
---------------------------------------------------------------------------------
---------------------------------------------------------------------------------
Finished Timing Optimization : Time (s): cpu = 00:01:02 ; elapsed = 00:01:06 . Memory (MB): peak = 1273.109 ; gain = 546.137
---------------------------------------------------------------------------------

Report RTL Partitions: 
+-+--------------+------------+----------+
| |RTL Partition |Replication |Instances |
+-+--------------+------------+----------+
+-+--------------+------------+----------+
---------------------------------------------------------------------------------
Start Technology Mapping
---------------------------------------------------------------------------------
---------------------------------------------------------------------------------
Finished Technology Mapping : Time (s): cpu = 00:01:03 ; elapsed = 00:01:06 . Memory (MB): peak = 1273.109 ; gain = 546.137
---------------------------------------------------------------------------------

Report RTL Partitions: 
+-+--------------+------------+----------+
| |RTL Partition |Replication |Instances |
+-+--------------+------------+----------+
+-+--------------+------------+----------+
---------------------------------------------------------------------------------
Start IO Insertion
---------------------------------------------------------------------------------
---------------------------------------------------------------------------------
Start Flattening Before IO Insertion
---------------------------------------------------------------------------------
---------------------------------------------------------------------------------
Finished Flattening Before IO Insertion
---------------------------------------------------------------------------------
---------------------------------------------------------------------------------
Start Final Netlist Cleanup
---------------------------------------------------------------------------------
---------------------------------------------------------------------------------
Finished Final Netlist Cleanup
---------------------------------------------------------------------------------
---------------------------------------------------------------------------------
Finished IO Insertion : Time (s): cpu = 00:01:07 ; elapsed = 00:01:11 . Memory (MB): peak = 1273.109 ; gain = 546.137
---------------------------------------------------------------------------------
---------------------------------------------------------------------------------
Start Renaming Generated Instances
---------------------------------------------------------------------------------
---------------------------------------------------------------------------------
Finished Renaming Generated Instances : Time (s): cpu = 00:01:07 ; elapsed = 00:01:11 . Memory (MB): peak = 1273.109 ; gain = 546.137
---------------------------------------------------------------------------------

Report RTL Partitions: 
+-+--------------+------------+----------+
| |RTL Partition |Replication |Instances |
+-+--------------+------------+----------+
+-+--------------+------------+----------+

Report Check Netlist: 
+------+------------------+-------+---------+-------+------------------+
|      |Item              |Errors |Warnings |Status |Description       |
+------+------------------+-------+---------+-------+------------------+
|1     |multi_driven_nets |      0|        0|Passed |Multi driven nets |
+------+------------------+-------+---------+-------+------------------+
---------------------------------------------------------------------------------
Start Rebuilding User Hierarchy
---------------------------------------------------------------------------------
---------------------------------------------------------------------------------
Finished Rebuilding User Hierarchy : Time (s): cpu = 00:01:07 ; elapsed = 00:01:11 . Memory (MB): peak = 1273.109 ; gain = 546.137
---------------------------------------------------------------------------------
---------------------------------------------------------------------------------
Start Renaming Generated Ports
---------------------------------------------------------------------------------
---------------------------------------------------------------------------------
Finished Renaming Generated Ports : Time (s): cpu = 00:01:07 ; elapsed = 00:01:11 . Memory (MB): peak = 1273.109 ; gain = 546.137
---------------------------------------------------------------------------------
---------------------------------------------------------------------------------
Start Handling Custom Attributes
---------------------------------------------------------------------------------
---------------------------------------------------------------------------------
Finished Handling Custom Attributes : Time (s): cpu = 00:01:07 ; elapsed = 00:01:11 . Memory (MB): peak = 1273.109 ; gain = 546.137
---------------------------------------------------------------------------------
---------------------------------------------------------------------------------
Start Renaming Generated Nets
---------------------------------------------------------------------------------
---------------------------------------------------------------------------------
Finished Renaming Generated Nets : Time (s): cpu = 00:01:07 ; elapsed = 00:01:11 . Memory (MB): peak = 1273.109 ; gain = 546.137
---------------------------------------------------------------------------------
---------------------------------------------------------------------------------
Start ROM, RAM, DSP and Shift Register Reporting
---------------------------------------------------------------------------------

Static Shift Register Report:
+-----------------------+------------------------------------------------------------------------------------------------------------------------------------------------------------------------------------------------------------+--------+-------+--------------+--------------------+-------------------+--------+---------+
|Module Name            | RTL Name                                                                                                                                                                                                   | Length | Width | Reset Signal | Pull out first Reg | Pull out last Reg | SRL16E | SRLC32E | 
+-----------------------+------------------------------------------------------------------------------------------------------------------------------------------------------------------------------------------------------------+--------+-------+--------------+--------------------+-------------------+--------+---------+
|fifo_generator_v13_2_5 | inst_fifo_gen/gconvfifo.rf/grf.rf/gntv_or_sync_fifo.mem/gbm.gbmg.gbmga.ngecc.bmg/inst_blk_mem_gen/gnbram.gnativebmg.native_blk_mem_gen/valid.cstr/ramloop[1].ram.r/SAFETY_CKT_GEN.ENA_NO_REG.ENA_dly_D_reg | 3      | 1     | NO           | NO                 | YES               | 1      | 0       | 
|fifo_generator_v13_2_5 | inst_fifo_gen/gconvfifo.rf/grf.rf/gntv_or_sync_fifo.mem/gbm.gbmg.gbmga.ngecc.bmg/inst_blk_mem_gen/gnbram.gnativebmg.native_blk_mem_gen/valid.cstr/ramloop[1].ram.r/SAFETY_CKT_GEN.RSTA_SHFT_REG_reg[4]     | 4      | 2     | NO           | NO                 | YES               | 2      | 0       | 
+-----------------------+------------------------------------------------------------------------------------------------------------------------------------------------------------------------------------------------------------+--------+-------+--------------+--------------------+-------------------+--------+---------+

---------------------------------------------------------------------------------
Finished ROM, RAM, DSP and Shift Register Reporting
---------------------------------------------------------------------------------
---------------------------------------------------------------------------------
Start Writing Synthesis Report
---------------------------------------------------------------------------------

Report BlackBoxes: 
+-+--------------+----------+
| |BlackBox name |Instances |
+-+--------------+----------+
+-+--------------+----------+

Report Cell Usage: 
+------+---------+------+
|      |Cell     |Count |
+------+---------+------+
|1     |CARRY4   |     2|
|2     |LUT1     |    16|
|3     |LUT2     |    41|
|4     |LUT3     |    15|
|5     |LUT4     |    25|
|6     |LUT5     |    11|
|7     |LUT6     |    13|
|8     |MUXCY    |    10|
|9     |RAMB36E1 |     2|
|10    |SRL16E   |     3|
|11    |FDRE     |   295|
|12    |FDSE     |    14|
+------+---------+------+

Report Instance Areas: 
+------+------------------------------------------------------------------------------------+-----------------------------------------+------+
|      |Instance                                                                            |Module                                   |Cells |
+------+------------------------------------------------------------------------------------+-----------------------------------------+------+
|1     |top                                                                                 |                                         |   447|
|2     |  U0                                                                                |fifo_generator_v13_2_5                   |   447|
|3     |    inst_fifo_gen                                                                   |fifo_generator_v13_2_5_synth             |   447|
|4     |      \gconvfifo.rf                                                                 |fifo_generator_top                       |   447|
|5     |        \grf.rf                                                                     |fifo_generator_ramfifo                   |   447|
|6     |          \gntv_or_sync_fifo.gcx.clkx                                               |clk_x_pntrs                              |   128|
|7     |            wr_pntr_cdc_inst                                                        |xpm_cdc_gray                             |    58|
|8     |            rd_pntr_cdc_inst                                                        |xpm_cdc_gray__parameterized1             |    46|
|9     |          \gntv_or_sync_fifo.gl0.rd                                                 |rd_logic                                 |    66|
|10    |            \gr1.gr1_int.rfwft                                                      |rd_fwft                                  |    19|
|11    |            \gr1.grdc2.rdc                                                          |rd_dc_fwft_ext_as                        |    16|
|12    |            \gras.rsts                                                              |rd_status_flags_as                       |     2|
|13    |            rpntr                                                                   |rd_bin_cntr                              |    29|
|14    |          \gntv_or_sync_fifo.gl0.wr                                                 |wr_logic                                 |    59|
|15    |            \gwas.wsts                                                              |wr_status_flags_as                       |    15|
|16    |              c1                                                                    |compare__parameterized0                  |     5|
|17    |              c2                                                                    |compare__parameterized0_0                |     6|
|18    |            \gwhf.whf                                                               |wr_handshaking_flags                     |     1|
|19    |            wpntr                                                                   |wr_bin_cntr                              |    43|
|20    |          \gntv_or_sync_fifo.mem                                                    |memory                                   |   144|
|21    |            \gbm.gbmg.gbmga.ngecc.bmg                                               |blk_mem_gen_v8_4_4                       |    16|
|22    |              inst_blk_mem_gen                                                      |blk_mem_gen_v8_4_4_synth                 |    16|
|23    |                \gnbram.gnativebmg.native_blk_mem_gen                               |blk_mem_gen_top                          |    16|
|24    |                  \valid.cstr                                                       |blk_mem_gen_generic_cstr                 |    16|
|25    |                    \ramloop[0].ram.r                                               |blk_mem_gen_prim_width                   |     1|
|26    |                      \prim_noinit.ram                                              |blk_mem_gen_prim_wrapper                 |     1|
|27    |                    \ramloop[1].ram.r                                               |blk_mem_gen_prim_width__parameterized0   |    15|
|28    |                      \prim_noinit.ram                                              |blk_mem_gen_prim_wrapper__parameterized0 |     2|
|29    |          rstblk                                                                    |reset_blk_ramfifo                        |    50|
|30    |            \ngwrdrst.grst.g7serrst.gsckt_wrst.xpm_cdc_sync_rst_inst_wrst           |xpm_cdc_sync_rst__2                      |     5|
|31    |            \ngwrdrst.grst.g7serrst.gsckt_wrst.gic_rst.xpm_cdc_sync_rst_inst_wrst   |xpm_cdc_sync_rst                         |     5|
|32    |            \ngwrdrst.grst.g7serrst.gsckt_wrst.gic_rst.xpm_cdc_single_inst_wrst_rd  |xpm_cdc_single__2                        |     5|
|33    |            \ngwrdrst.grst.g7serrst.gsckt_wrst.gic_rst.xpm_cdc_single_inst_rrst_wr  |xpm_cdc_single                           |     5|
+------+------------------------------------------------------------------------------------+-----------------------------------------+------+
---------------------------------------------------------------------------------
Finished Writing Synthesis Report : Time (s): cpu = 00:01:07 ; elapsed = 00:01:11 . Memory (MB): peak = 1273.109 ; gain = 546.137
---------------------------------------------------------------------------------
Synthesis finished with 0 errors, 0 critical warnings and 469 warnings.
Synthesis Optimization Runtime : Time (s): cpu = 00:00:21 ; elapsed = 00:01:07 . Memory (MB): peak = 1273.109 ; gain = 546.137
Synthesis Optimization Complete : Time (s): cpu = 00:01:07 ; elapsed = 00:01:11 . Memory (MB): peak = 1273.109 ; gain = 546.137
INFO: [Project 1-571] Translating synthesized netlist
Netlist sorting complete. Time (s): cpu = 00:00:00 ; elapsed = 00:00:00.046 . Memory (MB): peak = 1273.109 ; gain = 0.000
INFO: [Netlist 29-17] Analyzing 14 Unisim elements for replacement
INFO: [Netlist 29-28] Unisim Transformation completed in 0 CPU seconds
INFO: [Project 1-570] Preparing netlist for logic optimization
INFO: [Opt 31-138] Pushed 0 inverter(s) to 0 load pin(s).
Netlist sorting complete. Time (s): cpu = 00:00:00 ; elapsed = 00:00:00 . Memory (MB): peak = 1273.109 ; gain = 0.000
INFO: [Project 1-111] Unisim Transformation Summary:
  A total of 4 instances were transformed.
  (MUXCY,XORCY) => CARRY4: 4 instances

INFO: [Common 17-83] Releasing license: Synthesis
48 Infos, 101 Warnings, 0 Critical Warnings and 0 Errors encountered.
synth_design completed successfully
synth_design: Time (s): cpu = 00:01:13 ; elapsed = 00:01:18 . Memory (MB): peak = 1273.109 ; gain = 814.418
Netlist sorting complete. Time (s): cpu = 00:00:00 ; elapsed = 00:00:00 . Memory (MB): peak = 1273.109 ; gain = 0.000
WARNING: [Constraints 18-5210] No constraints selected for write.
Resolution: This message can indicate that there are no constraints for the design, or it can indicate that the used_in flags are set such that the constraints are ignored. This later case is used when running synth_design to not write synthesis constraints to the resulting checkpoint. Instead, project constraints are read when the synthesized design is opened.
INFO: [Common 17-1381] The checkpoint 'C:/Users/jp/GitHub/OpenTitan/husky/fpga/vivado/cwhusky.runs/cwlite_shallow_fifo_synth_1/cwlite_shallow_fifo.dcp' has been generated.
WARNING: [Common 17-576] 'use_project_ipc' is deprecated. This option is deprecated and no longer used.
INFO: [Coretcl 2-1648] Added synthesis output to IP cache for IP cwlite_shallow_fifo, cache-ID = f2d3276658320df6
INFO: [Coretcl 2-1174] Renamed 32 cell refs.
Netlist sorting complete. Time (s): cpu = 00:00:00 ; elapsed = 00:00:00 . Memory (MB): peak = 1273.109 ; gain = 0.000
WARNING: [Constraints 18-5210] No constraints selected for write.
Resolution: This message can indicate that there are no constraints for the design, or it can indicate that the used_in flags are set such that the constraints are ignored. This later case is used when running synth_design to not write synthesis constraints to the resulting checkpoint. Instead, project constraints are read when the synthesized design is opened.
INFO: [Common 17-1381] The checkpoint 'C:/Users/jp/GitHub/OpenTitan/husky/fpga/vivado/cwhusky.runs/cwlite_shallow_fifo_synth_1/cwlite_shallow_fifo.dcp' has been generated.
INFO: [runtcl-4] Executing : report_utilization -file cwlite_shallow_fifo_utilization_synth.rpt -pb cwlite_shallow_fifo_utilization_synth.pb
INFO: [Common 17-206] Exiting Vivado at Thu Feb 11 11:10:37 2021...
